<?xml version="1.0" encoding="UTF-8"?>
<!-- Generated by org.testng.reporters.JUnitReportReporter -->
<testsuite hostname="NASIB" failures="0" tests="4" name="api.testcases.UserTestCase" time="8.831" errors="0" timestamp="2023-09-06T08:13:00 EDT" skipped="0">
  <testcase classname="api.testcases.UserTestCase" name="testCreateUser" time="5.736"/>
  <system-out/>
  <testcase classname="api.testcases.UserTestCase" name="testGetUser" time="1.133"/>
  <system-out/>
  <testcase classname="api.testcases.UserTestCase" name="testUpdateUser" time="1.577"/>
  <system-out/>
  <testcase classname="api.testcases.UserTestCase" name="testDeleteUser" time="0.385"/>
  <system-out/>
</testsuite> <!-- api.testcases.UserTestCase -->
