<?xml version="1.0" encoding="UTF-8"?>
<!-- Generated by org.testng.reporters.JUnitReportReporter -->
<testsuite hostname="NASIB" failures="0" tests="12" name="api.testcases.UserTestDD" time="16.177" errors="0" timestamp="2023-09-06T07:45:15 EDT" skipped="0">
  <testcase classname="api.testcases.UserTestDD" name="testCreateUser" time="5.719"/>
  <system-out/>
  <testcase classname="api.testcases.UserTestDD" name="testCreateUser" time="1.003"/>
  <system-out/>
  <testcase classname="api.testcases.UserTestDD" name="testCreateUser" time="1.127"/>
  <system-out/>
  <testcase classname="api.testcases.UserTestDD" name="testCreateUser" time="0.810"/>
  <system-out/>
  <testcase classname="api.testcases.UserTestDD" name="testGetUserData" time="1.008"/>
  <system-out/>
  <testcase classname="api.testcases.UserTestDD" name="testGetUserData" time="0.512"/>
  <system-out/>
  <testcase classname="api.testcases.UserTestDD" name="testGetUserData" time="0.796"/>
  <system-out/>
  <testcase classname="api.testcases.UserTestDD" name="testGetUserData" time="1.247"/>
  <system-out/>
  <testcase classname="api.testcases.UserTestDD" name="testDeleteUser" time="0.898"/>
  <system-out/>
  <testcase classname="api.testcases.UserTestDD" name="testDeleteUser" time="1.002"/>
  <system-out/>
  <testcase classname="api.testcases.UserTestDD" name="testDeleteUser" time="1.022"/>
  <system-out/>
  <testcase classname="api.testcases.UserTestDD" name="testDeleteUser" time="1.033"/>
  <system-out/>
</testsuite> <!-- api.testcases.UserTestDD -->
