<?xml version="1.0" encoding="UTF-8"?>
<!-- Generated by org.testng.reporters.JUnitReportReporter -->
<testsuite hostname="NASIB" failures="0" tests="4" name="api.testcases.UserTestCase2" time="8.248" errors="0" timestamp="2023-09-06T08:43:11 EDT" skipped="0">
  <testcase classname="api.testcases.UserTestCase2" name="testCreateUser" time="5.946"/>
  <system-out/>
  <testcase classname="api.testcases.UserTestCase2" name="testGetUser" time="0.926"/>
  <system-out/>
  <testcase classname="api.testcases.UserTestCase2" name="testUpdateUser" time="0.807"/>
  <system-out/>
  <testcase classname="api.testcases.UserTestCase2" name="testDeleteUser" time="0.569"/>
  <system-out/>
</testsuite> <!-- api.testcases.UserTestCase2 -->
