<?xml version="1.0" encoding="UTF-8"?>
<!-- Generated by org.testng.reporters.JUnitReportReporter -->
<testsuite hostname="NASIB" failures="0" tests="4" name="api.testcases.UserTestCase" time="7.935" errors="0" timestamp="2023-09-06T09:09:14 EDT" skipped="0">
  <testcase classname="api.testcases.UserTestCase" name="testCreateUser" time="4.694"/>
  <system-out/>
  <testcase classname="api.testcases.UserTestCase" name="testGetUser" time="0.805"/>
  <system-out/>
  <testcase classname="api.testcases.UserTestCase" name="testUpdateUser" time="1.626"/>
  <system-out/>
  <testcase classname="api.testcases.UserTestCase" name="testDeleteUser" time="0.810"/>
  <system-out/>
</testsuite> <!-- api.testcases.UserTestCase -->
